{"contracts/ProductCheck.sol":{"l":{"7":66,"8":63,"12":60,"13":55},"path":"/home/eyordanov/Desktop/LimeChain/Store Contract Tests/contracts/ProductCheck.sol","s":{"1":66,"2":60},"b":{"1":[63,3],"2":[55,5]},"f":{"1":66,"2":60},"fnMap":{"1":{"name":"quantityCheck","line":6,"loc":{"start":{"line":6,"column":4},"end":{"line":9,"column":4}}},"2":{"name":"productExist","line":11,"loc":{"start":{"line":11,"column":4},"end":{"line":14,"column":4}}}},"statementMap":{"1":{"start":{"line":7,"column":8},"end":{"line":7,"column":53}},"2":{"start":{"line":12,"column":8},"end":{"line":12,"column":66}}},"branchMap":{"1":{"line":7,"type":"if","locations":[{"start":{"line":7,"column":8},"end":{"line":7,"column":8}},{"start":{"line":7,"column":8},"end":{"line":7,"column":8}}]},"2":{"line":12,"type":"if","locations":[{"start":{"line":12,"column":8},"end":{"line":12,"column":8}},{"start":{"line":12,"column":8},"end":{"line":12,"column":8}}]}}},"contracts/Store.sol":{"l":{"8":37,"9":37,"11":37,"12":1,"13":1,"14":1,"16":36,"17":36,"18":36,"23":2,"25":2,"26":2,"30":24,"31":24,"33":24,"34":24,"35":23,"36":23,"38":23,"42":12,"44":12,"45":9,"47":9,"51":4,"55":8,"56":8,"58":6,"59":6,"60":6,"64":12,"65":12,"69":5,"73":1,"77":3},"path":"/home/eyordanov/Desktop/LimeChain/Store Contract Tests/contracts/Store.sol","s":{"1":37,"2":37,"3":37,"4":1,"5":1,"6":1,"7":36,"8":36,"9":2,"10":2,"11":2,"12":24,"13":24,"14":24,"15":24,"16":23,"17":23,"18":12,"19":12,"20":9,"21":9,"22":8,"23":8,"24":6,"25":6,"26":6,"27":12,"28":12,"29":5,"30":1,"31":3},"b":{"1":[40,1],"2":[39,1],"3":[37,2],"4":[1,36],"5":[3,1],"6":[2,1],"7":[24,3],"8":[24,0],"9":[23,1],"10":[12,1],"11":[4,2],"12":[8,2],"13":[6,2],"14":[12,1],"15":[5,2]},"f":{"1":37,"2":2,"3":24,"4":12,"5":4,"6":8,"7":12,"8":5,"9":1,"10":3},"fnMap":{"1":{"name":"addProduct","line":7,"loc":{"start":{"line":7,"column":4},"end":{"line":20,"column":4}}},"2":{"name":"updateProductQuantity","line":22,"loc":{"start":{"line":22,"column":4},"end":{"line":27,"column":4}}},"3":{"name":"buyProduct","line":29,"loc":{"start":{"line":29,"column":4},"end":{"line":39,"column":4}}},"4":{"name":"refundProduct","line":41,"loc":{"start":{"line":41,"column":4},"end":{"line":48,"column":4}}},"5":{"name":"setRefundPolicyNumber","line":50,"loc":{"start":{"line":50,"column":4},"end":{"line":52,"column":4}}},"6":{"name":"getProductByName","line":54,"loc":{"start":{"line":54,"column":4},"end":{"line":61,"column":4}}},"7":{"name":"getProductById","line":63,"loc":{"start":{"line":63,"column":4},"end":{"line":66,"column":4}}},"8":{"name":"getProductBuyersById","line":68,"loc":{"start":{"line":68,"column":4},"end":{"line":70,"column":4}}},"9":{"name":"getAllProducts","line":72,"loc":{"start":{"line":72,"column":4},"end":{"line":74,"column":4}}},"10":{"name":"getRefundPolicyNumber","line":76,"loc":{"start":{"line":76,"column":4},"end":{"line":78,"column":4}}}},"statementMap":{"1":{"start":{"line":8,"column":8},"end":{"line":8,"column":69}},"2":{"start":{"line":9,"column":8},"end":{"line":9,"column":54}},"3":{"start":{"line":11,"column":8},"end":{"line":11,"column":403}},"4":{"start":{"line":12,"column":12},"end":{"line":12,"column":65}},"5":{"start":{"line":13,"column":12},"end":{"line":13,"column":52}},"6":{"start":{"line":14,"column":12},"end":{"line":14,"column":88}},"7":{"start":{"line":17,"column":12},"end":{"line":17,"column":60}},"8":{"start":{"line":18,"column":12},"end":{"line":18,"column":54}},"9":{"start":{"line":23,"column":8},"end":{"line":23,"column":41}},"10":{"start":{"line":25,"column":8},"end":{"line":25,"column":54}},"11":{"start":{"line":26,"column":8},"end":{"line":26,"column":77}},"12":{"start":{"line":30,"column":8},"end":{"line":30,"column":35}},"13":{"start":{"line":31,"column":8},"end":{"line":31,"column":54}},"14":{"start":{"line":33,"column":8},"end":{"line":33,"column":67}},"15":{"start":{"line":34,"column":8},"end":{"line":34,"column":89}},"16":{"start":{"line":35,"column":8},"end":{"line":35,"column":34}},"17":{"start":{"line":38,"column":8},"end":{"line":38,"column":37}},"18":{"start":{"line":42,"column":8},"end":{"line":42,"column":35}},"19":{"start":{"line":44,"column":8},"end":{"line":44,"column":32}},"20":{"start":{"line":45,"column":8},"end":{"line":45,"column":54}},"21":{"start":{"line":47,"column":8},"end":{"line":47,"column":30}},"22":{"start":{"line":55,"column":8},"end":{"line":55,"column":69}},"23":{"start":{"line":56,"column":8},"end":{"line":56,"column":59}},"24":{"start":{"line":58,"column":8},"end":{"line":58,"column":54}},"25":{"start":{"line":59,"column":8},"end":{"line":59,"column":61}},"26":{"start":{"line":60,"column":8},"end":{"line":60,"column":30}},"27":{"start":{"line":64,"column":8},"end":{"line":64,"column":54}},"28":{"start":{"line":65,"column":8},"end":{"line":65,"column":30}},"29":{"start":{"line":69,"column":8},"end":{"line":69,"column":32}},"30":{"start":{"line":73,"column":8},"end":{"line":73,"column":23}},"31":{"start":{"line":77,"column":8},"end":{"line":77,"column":33}}},"branchMap":{"1":{"line":7,"type":"if","locations":[{"start":{"line":7,"column":68},"end":{"line":7,"column":68}},{"start":{"line":7,"column":68},"end":{"line":7,"column":68}}]},"2":{"line":7,"type":"if","locations":[{"start":{"line":7,"column":78},"end":{"line":7,"column":78}},{"start":{"line":7,"column":78},"end":{"line":7,"column":78}}]},"3":{"line":7,"type":"if","locations":[{"start":{"line":7,"column":102},"end":{"line":7,"column":102}},{"start":{"line":7,"column":102},"end":{"line":7,"column":102}}]},"4":{"line":11,"type":"if","locations":[{"start":{"line":11,"column":8},"end":{"line":11,"column":8}},{"start":{"line":11,"column":8},"end":{"line":11,"column":8}}]},"5":{"line":22,"type":"if","locations":[{"start":{"line":22,"column":67},"end":{"line":22,"column":67}},{"start":{"line":22,"column":67},"end":{"line":22,"column":67}}]},"6":{"line":22,"type":"if","locations":[{"start":{"line":22,"column":77},"end":{"line":22,"column":77}},{"start":{"line":22,"column":77},"end":{"line":22,"column":77}}]},"7":{"line":29,"type":"if","locations":[{"start":{"line":29,"column":40},"end":{"line":29,"column":40}},{"start":{"line":29,"column":40},"end":{"line":29,"column":40}}]},"8":{"line":29,"type":"if","locations":[{"start":{"line":29,"column":77},"end":{"line":29,"column":77}},{"start":{"line":29,"column":77},"end":{"line":29,"column":77}}]},"9":{"line":34,"type":"if","locations":[{"start":{"line":34,"column":8},"end":{"line":34,"column":8}},{"start":{"line":34,"column":8},"end":{"line":34,"column":8}}]},"10":{"line":41,"type":"if","locations":[{"start":{"line":41,"column":43},"end":{"line":41,"column":43}},{"start":{"line":41,"column":43},"end":{"line":41,"column":43}}]},"11":{"line":50,"type":"if","locations":[{"start":{"line":50,"column":61},"end":{"line":50,"column":61}},{"start":{"line":50,"column":61},"end":{"line":50,"column":61}}]},"12":{"line":54,"type":"if","locations":[{"start":{"line":54,"column":62},"end":{"line":54,"column":62}},{"start":{"line":54,"column":62},"end":{"line":54,"column":62}}]},"13":{"line":56,"type":"if","locations":[{"start":{"line":56,"column":8},"end":{"line":56,"column":8}},{"start":{"line":56,"column":8},"end":{"line":56,"column":8}}]},"14":{"line":63,"type":"if","locations":[{"start":{"line":63,"column":49},"end":{"line":63,"column":49}},{"start":{"line":63,"column":49},"end":{"line":63,"column":49}}]},"15":{"line":68,"type":"if","locations":[{"start":{"line":68,"column":55},"end":{"line":68,"column":55}},{"start":{"line":68,"column":55},"end":{"line":68,"column":55}}]}}},"contracts/StoreBase.sol":{"l":{"30":36,"34":36,"35":36,"36":36,"37":36,"41":3,"45":23,"46":23,"47":23,"51":12,"53":12,"54":12,"56":11,"57":9,"61":24,"65":12,"66":11,"68":1,"72":79},"path":"/home/eyordanov/Desktop/LimeChain/Store Contract Tests/contracts/StoreBase.sol","s":{"1":36,"2":36,"3":36,"4":23,"5":23,"6":12,"7":12,"8":12,"9":11,"10":24,"11":12,"12":11,"13":1,"14":79},"b":{"1":[11,1],"2":[9,2],"3":[11,1]},"f":{"1":36,"2":3,"3":23,"4":12,"5":24,"6":12,"7":79},"fnMap":{"1":{"name":"internalAddProduct","line":29,"loc":{"start":{"line":29,"column":4},"end":{"line":38,"column":4}}},"2":{"name":"internalUpdateProduct","line":40,"loc":{"start":{"line":40,"column":4},"end":{"line":42,"column":4}}},"3":{"name":"internalAddBuyer","line":44,"loc":{"start":{"line":44,"column":4},"end":{"line":48,"column":4}}},"4":{"name":"internalRefund","line":50,"loc":{"start":{"line":50,"column":4},"end":{"line":58,"column":4}}},"5":{"name":"internalCheckBuyers","line":60,"loc":{"start":{"line":60,"column":4},"end":{"line":62,"column":4}}},"6":{"name":"refundEligable","line":64,"loc":{"start":{"line":64,"column":4},"end":{"line":69,"column":4}}},"7":{"name":"generateId","line":71,"loc":{"start":{"line":71,"column":4},"end":{"line":73,"column":4}}}},"statementMap":{"1":{"start":{"line":30,"column":8},"end":{"line":30,"column":900}},"2":{"start":{"line":34,"column":8},"end":{"line":34,"column":41}},"3":{"start":{"line":36,"column":8},"end":{"line":36,"column":32}},"4":{"start":{"line":45,"column":8},"end":{"line":45,"column":39}},"5":{"start":{"line":47,"column":8},"end":{"line":47,"column":37}},"6":{"start":{"line":51,"column":8},"end":{"line":51,"column":46}},"7":{"start":{"line":53,"column":8},"end":{"line":53,"column":66}},"8":{"start":{"line":54,"column":8},"end":{"line":54,"column":82}},"9":{"start":{"line":56,"column":8},"end":{"line":56,"column":87}},"10":{"start":{"line":61,"column":8},"end":{"line":61,"column":37}},"11":{"start":{"line":65,"column":8},"end":{"line":65,"column":2113}},"12":{"start":{"line":66,"column":12},"end":{"line":66,"column":23}},"13":{"start":{"line":68,"column":8},"end":{"line":68,"column":20}},"14":{"start":{"line":72,"column":8},"end":{"line":72,"column":48}}},"branchMap":{"1":{"line":54,"type":"if","locations":[{"start":{"line":54,"column":8},"end":{"line":54,"column":8}},{"start":{"line":54,"column":8},"end":{"line":54,"column":8}}]},"2":{"line":56,"type":"if","locations":[{"start":{"line":56,"column":8},"end":{"line":56,"column":8}},{"start":{"line":56,"column":8},"end":{"line":56,"column":8}}]},"3":{"line":65,"type":"if","locations":[{"start":{"line":65,"column":8},"end":{"line":65,"column":8}},{"start":{"line":65,"column":8},"end":{"line":65,"column":8}}]}}},"contracts/Validation.sol":{"l":{"7":49,"8":45},"path":"/home/eyordanov/Desktop/LimeChain/Store Contract Tests/contracts/Validation.sol","s":{"1":49},"b":{"1":[45,4]},"f":{"1":49},"fnMap":{"1":{"name":"nameCheck","line":6,"loc":{"start":{"line":6,"column":4},"end":{"line":9,"column":4}}}},"statementMap":{"1":{"start":{"line":7,"column":8},"end":{"line":7,"column":68}}},"branchMap":{"1":{"line":7,"type":"if","locations":[{"start":{"line":7,"column":8},"end":{"line":7,"column":8}},{"start":{"line":7,"column":8},"end":{"line":7,"column":8}}]}}}}