TN:
SF:/home/eyordanov/Desktop/LimeChain/Store Contract Tests/contracts/ProductCheck.sol
FN:6,quantityCheck
FN:11,productExist
FNF:2
FNH:2
FNDA:66,quantityCheck
FNDA:60,productExist
DA:7,66
DA:8,63
DA:12,60
DA:13,55
LF:4
LH:4
BRDA:7,1,0,63
BRDA:7,1,1,3
BRDA:12,2,0,55
BRDA:12,2,1,5
BRF:4
BRH:4
end_of_record
TN:
SF:/home/eyordanov/Desktop/LimeChain/Store Contract Tests/contracts/Store.sol
FN:7,addProduct
FN:22,updateProductQuantity
FN:29,buyProduct
FN:41,refundProduct
FN:50,setRefundPolicyNumber
FN:54,getProductByName
FN:63,getProductById
FN:68,getProductBuyersById
FN:72,getAllProducts
FN:76,getRefundPolicyNumber
FNF:10
FNH:10
FNDA:37,addProduct
FNDA:2,updateProductQuantity
FNDA:24,buyProduct
FNDA:12,refundProduct
FNDA:4,setRefundPolicyNumber
FNDA:8,getProductByName
FNDA:12,getProductById
FNDA:5,getProductBuyersById
FNDA:1,getAllProducts
FNDA:3,getRefundPolicyNumber
DA:8,37
DA:9,37
DA:11,37
DA:12,1
DA:13,1
DA:14,1
DA:16,36
DA:17,36
DA:18,36
DA:23,2
DA:25,2
DA:26,2
DA:30,24
DA:31,24
DA:33,24
DA:34,24
DA:35,23
DA:36,23
DA:38,23
DA:42,12
DA:44,12
DA:45,9
DA:47,9
DA:51,4
DA:55,8
DA:56,8
DA:58,6
DA:59,6
DA:60,6
DA:64,12
DA:65,12
DA:69,5
DA:73,1
DA:77,3
LF:34
LH:34
BRDA:7,1,0,40
BRDA:7,1,1,1
BRDA:7,2,0,39
BRDA:7,2,1,1
BRDA:7,3,0,37
BRDA:7,3,1,2
BRDA:11,4,0,1
BRDA:11,4,1,36
BRDA:22,5,0,3
BRDA:22,5,1,1
BRDA:22,6,0,2
BRDA:22,6,1,1
BRDA:29,7,0,24
BRDA:29,7,1,3
BRDA:29,8,0,24
BRDA:29,8,1,0
BRDA:34,9,0,23
BRDA:34,9,1,1
BRDA:41,10,0,12
BRDA:41,10,1,1
BRDA:50,11,0,4
BRDA:50,11,1,2
BRDA:54,12,0,8
BRDA:54,12,1,2
BRDA:56,13,0,6
BRDA:56,13,1,2
BRDA:63,14,0,12
BRDA:63,14,1,1
BRDA:68,15,0,5
BRDA:68,15,1,2
BRF:30
BRH:29
end_of_record
TN:
SF:/home/eyordanov/Desktop/LimeChain/Store Contract Tests/contracts/StoreBase.sol
FN:29,internalAddProduct
FN:40,internalUpdateProduct
FN:44,internalAddBuyer
FN:50,internalRefund
FN:60,internalCheckBuyers
FN:64,refundEligable
FN:71,generateId
FNF:7
FNH:7
FNDA:36,internalAddProduct
FNDA:3,internalUpdateProduct
FNDA:23,internalAddBuyer
FNDA:12,internalRefund
FNDA:24,internalCheckBuyers
FNDA:12,refundEligable
FNDA:79,generateId
DA:30,36
DA:34,36
DA:35,36
DA:36,36
DA:37,36
DA:41,3
DA:45,23
DA:46,23
DA:47,23
DA:51,12
DA:53,12
DA:54,12
DA:56,11
DA:57,9
DA:61,24
DA:65,12
DA:66,11
DA:68,1
DA:72,79
LF:19
LH:19
BRDA:54,1,0,11
BRDA:54,1,1,1
BRDA:56,2,0,9
BRDA:56,2,1,2
BRDA:65,3,0,11
BRDA:65,3,1,1
BRF:6
BRH:6
end_of_record
TN:
SF:/home/eyordanov/Desktop/LimeChain/Store Contract Tests/contracts/Validation.sol
FN:6,nameCheck
FNF:1
FNH:1
FNDA:49,nameCheck
DA:7,49
DA:8,45
LF:2
LH:2
BRDA:7,1,0,45
BRDA:7,1,1,4
BRF:2
BRH:2
end_of_record
